2023-04-27 00:09:27.960  INFO 26148 --- [restartedMain] c.e.ecommerce.ECommerceApplication       : Starting ECommerceApplication using Java 1.8.0_361 on DESKTOP-5OTI59R with PID 26148 (C:\xampp\htdocs\eCommerce\target\classes started by yeekt in C:\xampp\htdocs\eCommerce)
2023-04-27 00:09:27.961  INFO 26148 --- [restartedMain] c.e.ecommerce.ECommerceApplication       : No active profile set, falling back to 1 default profile: "default"
2023-04-27 00:09:27.994  INFO 26148 --- [restartedMain] .e.DevToolsPropertyDefaultsPostProcessor : Devtools property defaults active! Set 'spring.devtools.add-properties' to 'false' to disable
2023-04-27 00:09:27.994  INFO 26148 --- [restartedMain] .e.DevToolsPropertyDefaultsPostProcessor : For additional web related logging consider setting the 'logging.level.web' property to 'DEBUG'
2023-04-27 00:09:28.539  INFO 26148 --- [restartedMain] .s.d.r.c.RepositoryConfigurationDelegate : Bootstrapping Spring Data JPA repositories in DEFAULT mode.
2023-04-27 00:09:28.584  INFO 26148 --- [restartedMain] .s.d.r.c.RepositoryConfigurationDelegate : Finished Spring Data repository scanning in 40 ms. Found 2 JPA repository interfaces.
2023-04-27 00:09:29.082  INFO 26148 --- [restartedMain] o.s.b.w.embedded.tomcat.TomcatWebServer  : Tomcat initialized with port(s): 8080 (http)
2023-04-27 00:09:29.089  INFO 26148 --- [restartedMain] o.apache.catalina.core.StandardService   : Starting service [Tomcat]
2023-04-27 00:09:29.089  INFO 26148 --- [restartedMain] org.apache.catalina.core.StandardEngine  : Starting Servlet engine: [Apache Tomcat/9.0.74]
2023-04-27 00:09:29.171  INFO 26148 --- [restartedMain] o.a.c.c.C.[Tomcat].[localhost].[/]       : Initializing Spring embedded WebApplicationContext
2023-04-27 00:09:29.171  INFO 26148 --- [restartedMain] w.s.c.ServletWebServerApplicationContext : Root WebApplicationContext: initialization completed in 1176 ms
2023-04-27 00:09:29.181  INFO 26148 --- [restartedMain] c.e.e.Configuration.SimpleCORSFilter     : SimpleCORSFilter init
2023-04-27 00:09:29.312  INFO 26148 --- [restartedMain] o.hibernate.jpa.internal.util.LogHelper  : HHH000204: Processing PersistenceUnitInfo [name: default]
2023-04-27 00:09:29.363  INFO 26148 --- [restartedMain] org.hibernate.Version                    : HHH000412: Hibernate ORM core version 5.6.15.Final
2023-04-27 00:09:29.555  INFO 26148 --- [restartedMain] o.hibernate.annotations.common.Version   : HCANN000001: Hibernate Commons Annotations {5.1.2.Final}
2023-04-27 00:09:29.642  INFO 26148 --- [restartedMain] com.zaxxer.hikari.HikariDataSource       : HikariPool-1 - Starting...
2023-04-27 00:09:29.743  INFO 26148 --- [restartedMain] com.zaxxer.hikari.HikariDataSource       : HikariPool-1 - Start completed.
2023-04-27 00:09:29.756  INFO 26148 --- [restartedMain] org.hibernate.dialect.Dialect            : HHH000400: Using dialect: org.hibernate.dialect.MySQL5Dialect
2023-04-27 00:09:30.423  INFO 26148 --- [restartedMain] o.h.e.t.j.p.i.JtaPlatformInitiator       : HHH000490: Using JtaPlatform implementation: [org.hibernate.engine.transaction.jta.platform.internal.NoJtaPlatform]
2023-04-27 00:09:30.433  INFO 26148 --- [restartedMain] j.LocalContainerEntityManagerFactoryBean : Initialized JPA EntityManagerFactory for persistence unit 'default'
2023-04-27 00:09:30.732  WARN 26148 --- [restartedMain] ConfigServletWebServerApplicationContext : Exception encountered during context initialization - cancelling refresh attempt: org.springframework.beans.factory.UnsatisfiedDependencyException: Error creating bean with name 'securityConfig' defined in file [C:\xampp\htdocs\eCommerce\target\classes\com\example\ecommerce\Configuration\SecurityConfig.class]: Unsatisfied dependency expressed through constructor parameter 0; nested exception is org.springframework.beans.factory.UnsatisfiedDependencyException: Error creating bean with name 'IUserService' defined in file [C:\xampp\htdocs\eCommerce\target\classes\com\example\ecommerce\Service\UserServiceImpl.class]: Unsatisfied dependency expressed through constructor parameter 2; nested exception is org.springframework.beans.factory.NoSuchBeanDefinitionException: No qualifying bean of type 'org.springframework.security.crypto.password.PasswordEncoder' available: expected at least 1 bean which qualifies as autowire candidate. Dependency annotations: {}
2023-04-27 00:09:30.733  INFO 26148 --- [restartedMain] j.LocalContainerEntityManagerFactoryBean : Closing JPA EntityManagerFactory for persistence unit 'default'
2023-04-27 00:09:30.736  INFO 26148 --- [restartedMain] com.zaxxer.hikari.HikariDataSource       : HikariPool-1 - Shutdown initiated...
2023-04-27 00:09:30.753  INFO 26148 --- [restartedMain] com.zaxxer.hikari.HikariDataSource       : HikariPool-1 - Shutdown completed.
2023-04-27 00:09:30.754  INFO 26148 --- [restartedMain] o.apache.catalina.core.StandardService   : Stopping service [Tomcat]
2023-04-27 00:09:30.763  INFO 26148 --- [restartedMain] ConditionEvaluationReportLoggingListener : 

Error starting ApplicationContext. To display the conditions report re-run your application with 'debug' enabled.
2023-04-27 00:09:30.784 ERROR 26148 --- [restartedMain] o.s.b.d.LoggingFailureAnalysisReporter   : 

***************************
APPLICATION FAILED TO START
***************************

Description:

Parameter 2 of constructor in com.example.ecommerce.Service.UserServiceImpl required a bean of type 'org.springframework.security.crypto.password.PasswordEncoder' that could not be found.


Action:

Consider defining a bean of type 'org.springframework.security.crypto.password.PasswordEncoder' in your configuration.

2023-04-27 00:10:19.278  INFO 12620 --- [restartedMain] c.e.ecommerce.ECommerceApplication       : Starting ECommerceApplication using Java 1.8.0_361 on DESKTOP-5OTI59R with PID 12620 (C:\xampp\htdocs\eCommerce\target\classes started by yeekt in C:\xampp\htdocs\eCommerce)
2023-04-27 00:10:19.280  INFO 12620 --- [restartedMain] c.e.ecommerce.ECommerceApplication       : No active profile set, falling back to 1 default profile: "default"
2023-04-27 00:10:19.313  INFO 12620 --- [restartedMain] .e.DevToolsPropertyDefaultsPostProcessor : Devtools property defaults active! Set 'spring.devtools.add-properties' to 'false' to disable
2023-04-27 00:10:19.313  INFO 12620 --- [restartedMain] .e.DevToolsPropertyDefaultsPostProcessor : For additional web related logging consider setting the 'logging.level.web' property to 'DEBUG'
2023-04-27 00:10:19.862  INFO 12620 --- [restartedMain] .s.d.r.c.RepositoryConfigurationDelegate : Bootstrapping Spring Data JPA repositories in DEFAULT mode.
2023-04-27 00:10:19.909  INFO 12620 --- [restartedMain] .s.d.r.c.RepositoryConfigurationDelegate : Finished Spring Data repository scanning in 41 ms. Found 2 JPA repository interfaces.
2023-04-27 00:10:20.414  INFO 12620 --- [restartedMain] o.s.b.w.embedded.tomcat.TomcatWebServer  : Tomcat initialized with port(s): 8080 (http)
2023-04-27 00:10:20.421  INFO 12620 --- [restartedMain] o.apache.catalina.core.StandardService   : Starting service [Tomcat]
2023-04-27 00:10:20.422  INFO 12620 --- [restartedMain] org.apache.catalina.core.StandardEngine  : Starting Servlet engine: [Apache Tomcat/9.0.74]
2023-04-27 00:10:20.483  INFO 12620 --- [restartedMain] o.a.c.c.C.[Tomcat].[localhost].[/]       : Initializing Spring embedded WebApplicationContext
2023-04-27 00:10:20.483  INFO 12620 --- [restartedMain] w.s.c.ServletWebServerApplicationContext : Root WebApplicationContext: initialization completed in 1169 ms
2023-04-27 00:10:20.494  INFO 12620 --- [restartedMain] c.e.e.Configuration.SimpleCORSFilter     : SimpleCORSFilter init
2023-04-27 00:10:20.614  INFO 12620 --- [restartedMain] o.hibernate.jpa.internal.util.LogHelper  : HHH000204: Processing PersistenceUnitInfo [name: default]
2023-04-27 00:10:20.657  INFO 12620 --- [restartedMain] org.hibernate.Version                    : HHH000412: Hibernate ORM core version 5.6.15.Final
2023-04-27 00:10:20.801  INFO 12620 --- [restartedMain] o.hibernate.annotations.common.Version   : HCANN000001: Hibernate Commons Annotations {5.1.2.Final}
2023-04-27 00:10:20.873  INFO 12620 --- [restartedMain] com.zaxxer.hikari.HikariDataSource       : HikariPool-1 - Starting...
2023-04-27 00:10:20.979  INFO 12620 --- [restartedMain] com.zaxxer.hikari.HikariDataSource       : HikariPool-1 - Start completed.
2023-04-27 00:10:20.987  INFO 12620 --- [restartedMain] org.hibernate.dialect.Dialect            : HHH000400: Using dialect: org.hibernate.dialect.MySQL5Dialect
2023-04-27 00:10:21.548  INFO 12620 --- [restartedMain] o.h.e.t.j.p.i.JtaPlatformInitiator       : HHH000490: Using JtaPlatform implementation: [org.hibernate.engine.transaction.jta.platform.internal.NoJtaPlatform]
2023-04-27 00:10:21.557  INFO 12620 --- [restartedMain] j.LocalContainerEntityManagerFactoryBean : Initialized JPA EntityManagerFactory for persistence unit 'default'
2023-04-27 00:10:21.971  WARN 12620 --- [restartedMain] JpaBaseConfiguration$JpaWebConfiguration : spring.jpa.open-in-view is enabled by default. Therefore, database queries may be performed during view rendering. Explicitly configure spring.jpa.open-in-view to disable this warning
2023-04-27 00:10:22.060  INFO 12620 --- [restartedMain] c.e.e.Configuration.SimpleCORSFilter     : SimpleCORSFilter init
2023-04-27 00:10:22.061  INFO 12620 --- [restartedMain] c.e.e.Configuration.SimpleCORSFilter     : SimpleCORSFilter init
